----------------------------------------------------------------------------------------------------------------------------------------------------------------------------------
      name:  <unnamed>
       log:  H:\Other\Paper Codes for Uploading\education-migration-IV\1980_Census_Data\census1980_clean.log
  log type:  text
 opened on:  18 Feb 2020, 09:40:44

. 
. ********************************************************************************
. *Date: January 2020
. *
. *This do-file recreates Table 1 in "The Impact of College on Migration:
. *Evidence from the Vietnam Generation" by Ofer Malamud and Abigail Wozniak
. *
. *Datasources: 1980 5% Census Sample downloaded from IPUMS - restricted to males
. *                         Remaining files from Abigal Wozniak's website:
. *                                       cohortsize_c60.dta - Cohort size by birthyear and birthplace
. *                                       blanchard_katz.dta - Employment/Pop data by birthyear/place
. *                                       inductions_short6m.dta - National and State induction risk
. *
. *Output: Table 1: Summary Statistics for 1980 Census
. ********************************************************************************
. 
. use census_1980.dta
file census_1980.dta not found
r(601);

end of do-file

r(601);

. exit, clear
